This file contains any messages produced by compilers while
running configure, to aid debugging if configure makes a mistake.

It was created by Mcaster1BackDraft configure 0.0.1, which was
generated by GNU Autoconf 2.71.  Invocation command line was

  $ ./configure

## --------- ##
## Platform. ##
## --------- ##

hostname = ovh-us-west.mediacast1.ai
uname -m = x86_64
uname -r = 6.1.0-43-cloud-amd64
uname -s = Linux
uname -v = #1 SMP PREEMPT_DYNAMIC Debian 6.1.162-1 (2026-02-08)

/usr/bin/uname -p = unknown
/bin/uname -X     = unknown

/bin/arch              = x86_64
/usr/bin/arch -k       = unknown
/usr/convex/getsysinfo = unknown
/usr/bin/hostinfo      = unknown
/bin/machine           = unknown
/usr/bin/oslevel       = unknown
/bin/universe          = unknown

PATH: /home/mediacast1/.local/bin/
PATH: /root/.local/bin/
PATH: /usr/local/sbin/
PATH: /usr/local/bin/
PATH: /usr/sbin/
PATH: /usr/bin/
PATH: /sbin/
PATH: /bin/


## ----------- ##
## Core tests. ##
## ----------- ##

configure:2585: looking for aux files: compile config.guess config.sub missing install-sh
configure:2598:  trying ./
configure:2627:   ./compile found
configure:2627:   ./config.guess found
configure:2627:   ./config.sub found
configure:2627:   ./missing found
configure:2609:   ./install-sh found
configure:2756: checking for a BSD-compatible install
configure:2829: result: /usr/bin/install -c
configure:2840: checking whether build environment is sane
configure:2895: result: yes
configure:3054: checking for a race-free mkdir -p
configure:3098: result: /usr/bin/mkdir -p
configure:3105: checking for gawk
configure:3126: found /usr/bin/gawk
configure:3137: result: gawk
configure:3148: checking whether make sets $(MAKE)
configure:3171: result: yes
configure:3201: checking whether make supports nested variables
configure:3219: result: yes
configure:3430: checking for g++
configure:3451: found /usr/bin/g++
configure:3462: result: g++
configure:3489: checking for C++ compiler version
configure:3498: g++ --version >&5
g++ (Debian 12.2.0-14+deb12u1) 12.2.0
Copyright (C) 2022 Free Software Foundation, Inc.
This is free software; see the source for copying conditions.  There is NO
warranty; not even for MERCHANTABILITY or FITNESS FOR A PARTICULAR PURPOSE.

configure:3509: $? = 0
configure:3498: g++ -v >&5
Using built-in specs.
COLLECT_GCC=g++
COLLECT_LTO_WRAPPER=/usr/lib/gcc/x86_64-linux-gnu/12/lto-wrapper
OFFLOAD_TARGET_NAMES=nvptx-none:amdgcn-amdhsa
OFFLOAD_TARGET_DEFAULT=1
Target: x86_64-linux-gnu
Configured with: ../src/configure -v --with-pkgversion='Debian 12.2.0-14+deb12u1' --with-bugurl=file:///usr/share/doc/gcc-12/README.Bugs --enable-languages=c,ada,c++,go,d,fortran,objc,obj-c++,m2 --prefix=/usr --with-gcc-major-version-only --program-suffix=-12 --program-prefix=x86_64-linux-gnu- --enable-shared --enable-linker-build-id --libexecdir=/usr/lib --without-included-gettext --enable-threads=posix --libdir=/usr/lib --enable-nls --enable-clocale=gnu --enable-libstdcxx-debug --enable-libstdcxx-time=yes --with-default-libstdcxx-abi=new --enable-gnu-unique-object --disable-vtable-verify --enable-plugin --enable-default-pie --with-system-zlib --enable-libphobos-checking=release --with-target-system-zlib=auto --enable-objc-gc=auto --enable-multiarch --disable-werror --enable-cet --with-arch-32=i686 --with-abi=m64 --with-multilib-list=m32,m64,mx32 --enable-multilib --with-tune=generic --enable-offload-targets=nvptx-none=/build/reproducible-path/gcc-12-12.2.0/debian/tmp-nvptx/usr,amdgcn-amdhsa=/build/reproducible-path/gcc-12-12.2.0/debian/tmp-gcn/usr --enable-offload-defaulted --without-cuda-driver --enable-checking=release --build=x86_64-linux-gnu --host=x86_64-linux-gnu --target=x86_64-linux-gnu
Thread model: posix
Supported LTO compression algorithms: zlib zstd
gcc version 12.2.0 (Debian 12.2.0-14+deb12u1) 
... rest of stderr output deleted ...
configure:3509: $? = 0
configure:3498: g++ -V >&5
g++: error: unrecognized command-line option '-V'
g++: fatal error: no input files
compilation terminated.
configure:3509: $? = 1
configure:3498: g++ -qversion >&5
g++: error: unrecognized command-line option '-qversion'; did you mean '--version'?
g++: fatal error: no input files
compilation terminated.
configure:3509: $? = 1
configure:3529: checking whether the C++ compiler works
configure:3551: g++    conftest.cpp  >&5
configure:3555: $? = 0
configure:3605: result: yes
configure:3608: checking for C++ compiler default output file name
configure:3610: result: a.out
configure:3616: checking for suffix of executables
configure:3623: g++ -o conftest    conftest.cpp  >&5
configure:3627: $? = 0
configure:3650: result: 
configure:3672: checking whether we are cross compiling
configure:3680: g++ -o conftest    conftest.cpp  >&5
configure:3684: $? = 0
configure:3691: ./conftest
configure:3695: $? = 0
configure:3710: result: no
configure:3715: checking for suffix of object files
configure:3738: g++ -c   conftest.cpp >&5
configure:3742: $? = 0
configure:3764: result: o
configure:3768: checking whether the compiler supports GNU C++
configure:3788: g++ -c   conftest.cpp >&5
configure:3788: $? = 0
configure:3798: result: yes
configure:3809: checking whether g++ accepts -g
configure:3830: g++ -c -g  conftest.cpp >&5
configure:3830: $? = 0
configure:3874: result: yes
configure:3894: checking for g++ option to enable C++11 features
configure:3909: g++  -c -g -O2  conftest.cpp >&5
conftest.cpp: In function 'int main(int, char**)':
conftest.cpp:177:25: warning: empty parentheses were disambiguated as a function declaration [-Wvexing-parse]
  177 |   cxx11test::delegate d2();
      |                         ^~
conftest.cpp:177:25: note: remove parentheses to default-initialize a variable
  177 |   cxx11test::delegate d2();
      |                         ^~
      |                         --
conftest.cpp:177:25: note: or replace parentheses with braces to value-initialize a variable
configure:3909: $? = 0
configure:3927: result: none needed
configure:3994: checking whether make supports the include directive
configure:4009: make -f confmf.GNU && cat confinc.out
this is the am__doit target
configure:4012: $? = 0
configure:4031: result: yes (GNU style)
configure:4057: checking dependency style of g++
configure:4169: result: gcc3
configure:4203: checking whether g++ supports C++17 features with -std=c++17
configure:5004: g++ -std=c++17 -c -g -O2  conftest.cpp >&5
configure:5004: $? = 0
configure:5014: result: yes
configure:5114: checking for pkg-config
configure:5137: found /usr/bin/pkg-config
configure:5149: result: /usr/bin/pkg-config
configure:5174: checking pkg-config is at least version 0.9.0
configure:5177: result: yes
configure:5187: checking for openssl >= 1.1.0
configure:5194: $PKG_CONFIG --exists --print-errors "openssl >= 1.1.0"
configure:5197: $? = 0
configure:5211: $PKG_CONFIG --exists --print-errors "openssl >= 1.1.0"
configure:5214: $? = 0
configure:5272: result: yes
configure:5278: checking for yaml-cpp >= 0.5.0
configure:5285: $PKG_CONFIG --exists --print-errors "yaml-cpp >= 0.5.0"
configure:5288: $? = 0
configure:5302: $PKG_CONFIG --exists --print-errors "yaml-cpp >= 0.5.0"
configure:5305: $? = 0
configure:5363: result: yes
configure:5371: checking for mysql_config
configure:5394: found /usr/bin/mysql_config
configure:5407: result: /usr/bin/mysql_config
configure:5432: checking for gdlib >= 2.3.0
configure:5439: $PKG_CONFIG --exists --print-errors "gdlib >= 2.3.0"
configure:5442: $? = 0
configure:5456: $PKG_CONFIG --exists --print-errors "gdlib >= 2.3.0"
configure:5459: $? = 0
configure:5517: result: yes
configure:5529: checking build system type
configure:5544: result: x86_64-pc-linux-gnu
configure:5564: checking host system type
configure:5578: result: x86_64-pc-linux-gnu
configure:5660: checking for gcc
configure:5681: found /usr/bin/gcc
configure:5692: result: gcc
configure:6045: checking for C compiler version
configure:6054: gcc --version >&5
gcc (Debian 12.2.0-14+deb12u1) 12.2.0
Copyright (C) 2022 Free Software Foundation, Inc.
This is free software; see the source for copying conditions.  There is NO
warranty; not even for MERCHANTABILITY or FITNESS FOR A PARTICULAR PURPOSE.

configure:6065: $? = 0
configure:6054: gcc -v >&5
Using built-in specs.
COLLECT_GCC=gcc
COLLECT_LTO_WRAPPER=/usr/lib/gcc/x86_64-linux-gnu/12/lto-wrapper
OFFLOAD_TARGET_NAMES=nvptx-none:amdgcn-amdhsa
OFFLOAD_TARGET_DEFAULT=1
Target: x86_64-linux-gnu
Configured with: ../src/configure -v --with-pkgversion='Debian 12.2.0-14+deb12u1' --with-bugurl=file:///usr/share/doc/gcc-12/README.Bugs --enable-languages=c,ada,c++,go,d,fortran,objc,obj-c++,m2 --prefix=/usr --with-gcc-major-version-only --program-suffix=-12 --program-prefix=x86_64-linux-gnu- --enable-shared --enable-linker-build-id --libexecdir=/usr/lib --without-included-gettext --enable-threads=posix --libdir=/usr/lib --enable-nls --enable-clocale=gnu --enable-libstdcxx-debug --enable-libstdcxx-time=yes --with-default-libstdcxx-abi=new --enable-gnu-unique-object --disable-vtable-verify --enable-plugin --enable-default-pie --with-system-zlib --enable-libphobos-checking=release --with-target-system-zlib=auto --enable-objc-gc=auto --enable-multiarch --disable-werror --enable-cet --with-arch-32=i686 --with-abi=m64 --with-multilib-list=m32,m64,mx32 --enable-multilib --with-tune=generic --enable-offload-targets=nvptx-none=/build/reproducible-path/gcc-12-12.2.0/debian/tmp-nvptx/usr,amdgcn-amdhsa=/build/reproducible-path/gcc-12-12.2.0/debian/tmp-gcn/usr --enable-offload-defaulted --without-cuda-driver --enable-checking=release --build=x86_64-linux-gnu --host=x86_64-linux-gnu --target=x86_64-linux-gnu
Thread model: posix
Supported LTO compression algorithms: zlib zstd
gcc version 12.2.0 (Debian 12.2.0-14+deb12u1) 
... rest of stderr output deleted ...
configure:6065: $? = 0
configure:6054: gcc -V >&5
gcc: error: unrecognized command-line option '-V'
gcc: fatal error: no input files
compilation terminated.
configure:6065: $? = 1
configure:6054: gcc -qversion >&5
gcc: error: unrecognized command-line option '-qversion'; did you mean '--version'?
gcc: fatal error: no input files
compilation terminated.
configure:6065: $? = 1
configure:6054: gcc -version >&5
gcc: error: unrecognized command-line option '-version'
gcc: fatal error: no input files
compilation terminated.
configure:6065: $? = 1
configure:6069: checking whether the compiler supports GNU C
configure:6089: gcc -c   conftest.c >&5
configure:6089: $? = 0
configure:6099: result: yes
configure:6110: checking whether gcc accepts -g
configure:6131: gcc -c -g  conftest.c >&5
configure:6131: $? = 0
configure:6175: result: yes
configure:6195: checking for gcc option to enable C11 features
configure:6210: gcc  -c -g -O2  conftest.c >&5
configure:6210: $? = 0
configure:6228: result: none needed
configure:6344: checking whether gcc understands -c and -o together
configure:6367: gcc -c conftest.c -o conftest2.o
configure:6370: $? = 0
configure:6367: gcc -c conftest.c -o conftest2.o
configure:6370: $? = 0
configure:6382: result: yes
configure:6401: checking dependency style of gcc
configure:6513: result: gcc3
configure:6528: checking for a sed that does not truncate output
configure:6598: result: /usr/bin/sed
configure:6609: checking how to run the C preprocessor
configure:6635: gcc -E  conftest.c
configure:6635: $? = 0
configure:6650: gcc -E  conftest.c
conftest.c:12:10: fatal error: ac_nonexistent.h: No such file or directory
   12 | #include <ac_nonexistent.h>
      |          ^~~~~~~~~~~~~~~~~~
compilation terminated.
configure:6650: $? = 1
configure: failed program was:
| /* confdefs.h */
| #define PACKAGE_NAME "Mcaster1BackDraft"
| #define PACKAGE_TARNAME "mcaster1backdraft"
| #define PACKAGE_VERSION "0.0.1"
| #define PACKAGE_STRING "Mcaster1BackDraft 0.0.1"
| #define PACKAGE_BUGREPORT "davestj@mcaster1.com"
| #define PACKAGE_URL ""
| #define PACKAGE "mcaster1backdraft"
| #define VERSION "0.0.1"
| #define HAVE_CXX17 1
| /* end confdefs.h.  */
| #include <ac_nonexistent.h>
configure:6677: result: gcc -E
configure:6691: gcc -E  conftest.c
configure:6691: $? = 0
configure:6706: gcc -E  conftest.c
conftest.c:12:10: fatal error: ac_nonexistent.h: No such file or directory
   12 | #include <ac_nonexistent.h>
      |          ^~~~~~~~~~~~~~~~~~
compilation terminated.
configure:6706: $? = 1
configure: failed program was:
| /* confdefs.h */
| #define PACKAGE_NAME "Mcaster1BackDraft"
| #define PACKAGE_TARNAME "mcaster1backdraft"
| #define PACKAGE_VERSION "0.0.1"
| #define PACKAGE_STRING "Mcaster1BackDraft 0.0.1"
| #define PACKAGE_BUGREPORT "davestj@mcaster1.com"
| #define PACKAGE_URL ""
| #define PACKAGE "mcaster1backdraft"
| #define VERSION "0.0.1"
| #define HAVE_CXX17 1
| /* end confdefs.h.  */
| #include <ac_nonexistent.h>
configure:6737: checking for grep that handles long lines and -e
configure:6801: result: /usr/bin/grep
configure:6806: checking for egrep
configure:6874: result: /usr/bin/grep -E
configure:7039: checking whether gcc is Clang
configure:7066: result: no
configure:7131: checking whether pthreads work with "-pthread" and "-lpthread"
configure:7242: gcc -o conftest -g -O2 -pthread   conftest.c -lpthread  >&5
configure:7242: $? = 0
configure:7252: result: yes
configure:7375: checking for joinable pthread attribute
configure:7394: gcc -o conftest -g -O2 -pthread   conftest.c -lpthread  >&5
configure:7394: $? = 0
configure:7403: result: PTHREAD_CREATE_JOINABLE
configure:7416: checking whether more special flags are required for pthreads
configure:7430: result: no
configure:7439: checking for PTHREAD_PRIO_INHERIT
configure:7457: gcc -o conftest -g -O2 -pthread   conftest.c -lpthread  >&5
configure:7457: $? = 0
configure:7467: result: yes
configure:7650: checking for stdio.h
configure:7650: g++ -std=c++17 -c -g -O2 -pthread  conftest.cpp >&5
configure:7650: $? = 0
configure:7650: result: yes
configure:7650: checking for stdlib.h
configure:7650: g++ -std=c++17 -c -g -O2 -pthread  conftest.cpp >&5
configure:7650: $? = 0
configure:7650: result: yes
configure:7650: checking for string.h
configure:7650: g++ -std=c++17 -c -g -O2 -pthread  conftest.cpp >&5
configure:7650: $? = 0
configure:7650: result: yes
configure:7650: checking for inttypes.h
configure:7650: g++ -std=c++17 -c -g -O2 -pthread  conftest.cpp >&5
configure:7650: $? = 0
configure:7650: result: yes
configure:7650: checking for stdint.h
configure:7650: g++ -std=c++17 -c -g -O2 -pthread  conftest.cpp >&5
configure:7650: $? = 0
configure:7650: result: yes
configure:7650: checking for strings.h
configure:7650: g++ -std=c++17 -c -g -O2 -pthread  conftest.cpp >&5
configure:7650: $? = 0
configure:7650: result: yes
configure:7650: checking for sys/stat.h
configure:7650: g++ -std=c++17 -c -g -O2 -pthread  conftest.cpp >&5
configure:7650: $? = 0
configure:7650: result: yes
configure:7650: checking for sys/types.h
configure:7650: g++ -std=c++17 -c -g -O2 -pthread  conftest.cpp >&5
configure:7650: $? = 0
configure:7650: result: yes
configure:7650: checking for unistd.h
configure:7650: g++ -std=c++17 -c -g -O2 -pthread  conftest.cpp >&5
configure:7650: $? = 0
configure:7650: result: yes
configure:7677: checking for nlohmann/json.hpp
configure:7677: g++ -std=c++17 -c -g -O2 -pthread  conftest.cpp >&5
configure:7677: $? = 0
configure:7677: result: yes
configure:7793: checking that generated files are newer than configure
configure:7799: result: done
configure:7826: creating ./config.status

## ---------------------- ##
## Running config.status. ##
## ---------------------- ##

This file was extended by Mcaster1BackDraft config.status 0.0.1, which was
generated by GNU Autoconf 2.71.  Invocation command line was

  CONFIG_FILES    = 
  CONFIG_HEADERS  = 
  CONFIG_LINKS    = 
  CONFIG_COMMANDS = 
  $ ./config.status 

on ovh-us-west.mediacast1.ai

config.status:887: creating Makefile
config.status:887: creating src/Makefile
config.status:887: creating config.h
config.status:1068: config.h is unchanged
config.status:1116: executing depfiles commands
config.status:1193: cd src       && sed -e '/# am--include-marker/d' Makefile         | make -f - am--depfiles
config.status:1198: $? = 0

## ---------------- ##
## Cache variables. ##
## ---------------- ##

ac_cv_build=x86_64-pc-linux-gnu
ac_cv_c_compiler_gnu=yes
ac_cv_cxx_compiler_gnu=yes
ac_cv_env_CCC_set=
ac_cv_env_CCC_value=
ac_cv_env_CC_set=
ac_cv_env_CC_value=
ac_cv_env_CFLAGS_set=
ac_cv_env_CFLAGS_value=
ac_cv_env_CPPFLAGS_set=
ac_cv_env_CPPFLAGS_value=
ac_cv_env_CPP_set=
ac_cv_env_CPP_value=
ac_cv_env_CXXFLAGS_set=
ac_cv_env_CXXFLAGS_value=
ac_cv_env_CXX_set=
ac_cv_env_CXX_value=
ac_cv_env_GDLIB_CFLAGS_set=
ac_cv_env_GDLIB_CFLAGS_value=
ac_cv_env_GDLIB_LIBS_set=
ac_cv_env_GDLIB_LIBS_value=
ac_cv_env_LDFLAGS_set=
ac_cv_env_LDFLAGS_value=
ac_cv_env_LIBS_set=
ac_cv_env_LIBS_value=
ac_cv_env_OPENSSL_CFLAGS_set=
ac_cv_env_OPENSSL_CFLAGS_value=
ac_cv_env_OPENSSL_LIBS_set=
ac_cv_env_OPENSSL_LIBS_value=
ac_cv_env_PKG_CONFIG_LIBDIR_set=
ac_cv_env_PKG_CONFIG_LIBDIR_value=
ac_cv_env_PKG_CONFIG_PATH_set=
ac_cv_env_PKG_CONFIG_PATH_value=
ac_cv_env_PKG_CONFIG_set=
ac_cv_env_PKG_CONFIG_value=
ac_cv_env_YAMLCPP_CFLAGS_set=
ac_cv_env_YAMLCPP_CFLAGS_value=
ac_cv_env_YAMLCPP_LIBS_set=
ac_cv_env_YAMLCPP_LIBS_value=
ac_cv_env_build_alias_set=
ac_cv_env_build_alias_value=
ac_cv_env_host_alias_set=
ac_cv_env_host_alias_value=
ac_cv_env_target_alias_set=
ac_cv_env_target_alias_value=
ac_cv_header_inttypes_h=yes
ac_cv_header_nlohmann_json_hpp=yes
ac_cv_header_stdint_h=yes
ac_cv_header_stdio_h=yes
ac_cv_header_stdlib_h=yes
ac_cv_header_string_h=yes
ac_cv_header_strings_h=yes
ac_cv_header_sys_stat_h=yes
ac_cv_header_sys_types_h=yes
ac_cv_header_unistd_h=yes
ac_cv_host=x86_64-pc-linux-gnu
ac_cv_objext=o
ac_cv_path_EGREP='/usr/bin/grep -E'
ac_cv_path_GREP=/usr/bin/grep
ac_cv_path_MYSQL_CONFIG=/usr/bin/mysql_config
ac_cv_path_SED=/usr/bin/sed
ac_cv_path_ac_pt_PKG_CONFIG=/usr/bin/pkg-config
ac_cv_path_install='/usr/bin/install -c'
ac_cv_path_mkdir=/usr/bin/mkdir
ac_cv_prog_AWK=gawk
ac_cv_prog_CPP='gcc -E'
ac_cv_prog_ac_ct_CC=gcc
ac_cv_prog_ac_ct_CXX=g++
ac_cv_prog_cc_c11=
ac_cv_prog_cc_g=yes
ac_cv_prog_cc_stdc=
ac_cv_prog_cxx_cxx11=
ac_cv_prog_cxx_g=yes
ac_cv_prog_cxx_stdcxx=
ac_cv_prog_make_make_set=yes
am_cv_CC_dependencies_compiler_type=gcc3
am_cv_CXX_dependencies_compiler_type=gcc3
am_cv_make_support_nested_variables=yes
am_cv_prog_cc_c_o=yes
ax_cv_PTHREAD_CLANG=no
ax_cv_PTHREAD_JOINABLE_ATTR=PTHREAD_CREATE_JOINABLE
ax_cv_PTHREAD_PRIO_INHERIT=yes
ax_cv_PTHREAD_SPECIAL_FLAGS=no
ax_cv_cxx_compile_cxx17__std_cpp17=yes
pkg_cv_GDLIB_CFLAGS='-I/usr/include/libpng16 -I/usr/include/freetype2 -I/usr/include/x86_64-linux-gnu -DAVIF_DLL '
pkg_cv_GDLIB_LIBS='-lgd '
pkg_cv_OPENSSL_CFLAGS=
pkg_cv_OPENSSL_LIBS='-lssl -lcrypto '
pkg_cv_YAMLCPP_CFLAGS=
pkg_cv_YAMLCPP_LIBS='-lyaml-cpp '

## ----------------- ##
## Output variables. ##
## ----------------- ##

ACLOCAL='${SHELL} '\''/var/www/mcaster1.com/Mcaster1BackDraft/missing'\'' aclocal-1.16'
AMDEPBACKSLASH='\'
AMDEP_FALSE='#'
AMDEP_TRUE=''
AMTAR='$${TAR-tar}'
AM_BACKSLASH='\'
AM_DEFAULT_V='$(AM_DEFAULT_VERBOSITY)'
AM_DEFAULT_VERBOSITY='1'
AM_V='$(V)'
AUTOCONF='${SHELL} '\''/var/www/mcaster1.com/Mcaster1BackDraft/missing'\'' autoconf'
AUTOHEADER='${SHELL} '\''/var/www/mcaster1.com/Mcaster1BackDraft/missing'\'' autoheader'
AUTOMAKE='${SHELL} '\''/var/www/mcaster1.com/Mcaster1BackDraft/missing'\'' automake-1.16'
AWK='gawk'
CC='gcc'
CCDEPMODE='depmode=gcc3'
CFLAGS='-g -O2'
CPP='gcc -E'
CPPFLAGS=''
CSCOPE='cscope'
CTAGS='ctags'
CXX='g++ -std=c++17'
CXXDEPMODE='depmode=gcc3'
CXXFLAGS='-g -O2 -pthread'
CYGPATH_W='echo'
DEFS='-DHAVE_CONFIG_H'
DEPDIR='.deps'
ECHO_C=''
ECHO_N='-n'
ECHO_T=''
EGREP='/usr/bin/grep -E'
ETAGS='etags'
EXEEXT=''
GDLIB_CFLAGS='-I/usr/include/libpng16 -I/usr/include/freetype2 -I/usr/include/x86_64-linux-gnu -DAVIF_DLL '
GDLIB_LIBS='-lgd '
GREP='/usr/bin/grep'
HAVE_CXX17='1'
INSTALL_DATA='${INSTALL} -m 644'
INSTALL_PROGRAM='${INSTALL}'
INSTALL_SCRIPT='${INSTALL}'
INSTALL_STRIP_PROGRAM='$(install_sh) -c -s'
LDFLAGS=''
LIBOBJS=''
LIBS='-lpthread '
LTLIBOBJS=''
MAKEINFO='${SHELL} '\''/var/www/mcaster1.com/Mcaster1BackDraft/missing'\'' makeinfo'
MKDIR_P='/usr/bin/mkdir -p'
MYSQLCLIENT_CFLAGS='-I/usr/include/mariadb -I/usr/include/mariadb/mysql'
MYSQLCLIENT_LIBS='-L/usr/lib/x86_64-linux-gnu/ -lmariadb'
MYSQL_CONFIG='/usr/bin/mysql_config'
OBJEXT='o'
OPENSSL_CFLAGS=''
OPENSSL_LIBS='-lssl -lcrypto '
PACKAGE='mcaster1backdraft'
PACKAGE_BUGREPORT='davestj@mcaster1.com'
PACKAGE_NAME='Mcaster1BackDraft'
PACKAGE_STRING='Mcaster1BackDraft 0.0.1'
PACKAGE_TARNAME='mcaster1backdraft'
PACKAGE_URL=''
PACKAGE_VERSION='0.0.1'
PATH_SEPARATOR=':'
PKG_CONFIG='/usr/bin/pkg-config'
PKG_CONFIG_LIBDIR=''
PKG_CONFIG_PATH=''
PTHREAD_CC='gcc'
PTHREAD_CFLAGS='-pthread'
PTHREAD_CXX='g++ -std=c++17'
PTHREAD_LIBS='-lpthread'
SED='/usr/bin/sed'
SET_MAKE=''
SHELL='/bin/bash'
STRIP=''
VERSION='0.0.1'
YAMLCPP_CFLAGS=''
YAMLCPP_LIBS='-lyaml-cpp '
ac_ct_CC='gcc'
ac_ct_CXX='g++'
am__EXEEXT_FALSE=''
am__EXEEXT_TRUE='#'
am__fastdepCC_FALSE='#'
am__fastdepCC_TRUE=''
am__fastdepCXX_FALSE='#'
am__fastdepCXX_TRUE=''
am__include='include'
am__isrc=''
am__leading_dot='.'
am__nodep='_no'
am__quote=''
am__tar='$${TAR-tar} chof - "$$tardir"'
am__untar='$${TAR-tar} xf -'
ax_pthread_config=''
bindir='${exec_prefix}/bin'
build='x86_64-pc-linux-gnu'
build_alias=''
build_cpu='x86_64'
build_os='linux-gnu'
build_vendor='pc'
datadir='${datarootdir}'
datarootdir='${prefix}/share'
docdir='${datarootdir}/doc/${PACKAGE_TARNAME}'
dvidir='${docdir}'
exec_prefix='${prefix}'
host='x86_64-pc-linux-gnu'
host_alias=''
host_cpu='x86_64'
host_os='linux-gnu'
host_vendor='pc'
htmldir='${docdir}'
includedir='${prefix}/include'
infodir='${datarootdir}/info'
install_sh='${SHELL} /var/www/mcaster1.com/Mcaster1BackDraft/install-sh'
libdir='${exec_prefix}/lib'
libexecdir='${exec_prefix}/libexec'
localedir='${datarootdir}/locale'
localstatedir='${prefix}/var'
mandir='${datarootdir}/man'
mkdir_p='$(MKDIR_P)'
oldincludedir='/usr/include'
pdfdir='${docdir}'
prefix='/usr/local'
program_transform_name='s,x,x,'
psdir='${docdir}'
runstatedir='${localstatedir}/run'
sbindir='${exec_prefix}/sbin'
sharedstatedir='${prefix}/com'
sysconfdir='${prefix}/etc'
target_alias=''

## ----------- ##
## confdefs.h. ##
## ----------- ##

/* confdefs.h */
#define PACKAGE_NAME "Mcaster1BackDraft"
#define PACKAGE_TARNAME "mcaster1backdraft"
#define PACKAGE_VERSION "0.0.1"
#define PACKAGE_STRING "Mcaster1BackDraft 0.0.1"
#define PACKAGE_BUGREPORT "davestj@mcaster1.com"
#define PACKAGE_URL ""
#define PACKAGE "mcaster1backdraft"
#define VERSION "0.0.1"
#define HAVE_CXX17 1
#define HAVE_PTHREAD_PRIO_INHERIT 1
#define HAVE_PTHREAD 1
#define HAVE_STDIO_H 1
#define HAVE_STDLIB_H 1
#define HAVE_STRING_H 1
#define HAVE_INTTYPES_H 1
#define HAVE_STDINT_H 1
#define HAVE_STRINGS_H 1
#define HAVE_SYS_STAT_H 1
#define HAVE_SYS_TYPES_H 1
#define HAVE_UNISTD_H 1
#define STDC_HEADERS 1
#define HAVE_NLOHMANN_JSON_HPP 1

configure: exit 0

## ---------------------- ##
## Running config.status. ##
## ---------------------- ##

This file was extended by Mcaster1BackDraft config.status 0.0.1, which was
generated by GNU Autoconf 2.71.  Invocation command line was

  CONFIG_FILES    = 
  CONFIG_HEADERS  = 
  CONFIG_LINKS    = 
  CONFIG_COMMANDS = 
  $ ./config.status config.h

on ovh-us-west.mediacast1.ai

config.status:887: creating config.h
config.status:1068: config.h is unchanged
