[17-Mar-2026 23:03:37 America/Los_Angeles] PHP Fatal error:  Uncaught TypeError: Unsupported operand types: int + array in /var/www/mcaster1.com/Mcaster1BackDraft/web/analytics.php:58
Stack trace:
#0 {main}
  thrown in /var/www/mcaster1.com/Mcaster1BackDraft/web/analytics.php on line 58
[17-Mar-2026 23:03:56 America/Los_Angeles] PHP Fatal error:  Uncaught TypeError: Unsupported operand types: int + array in /var/www/mcaster1.com/Mcaster1BackDraft/web/analytics.php:58
Stack trace:
#0 {main}
  thrown in /var/www/mcaster1.com/Mcaster1BackDraft/web/analytics.php on line 58
[17-Mar-2026 23:04:23 America/Los_Angeles] PHP Fatal error:  Uncaught TypeError: Unsupported operand types: int + array in /var/www/mcaster1.com/Mcaster1BackDraft/web/analytics.php:58
Stack trace:
#0 {main}
  thrown in /var/www/mcaster1.com/Mcaster1BackDraft/web/analytics.php on line 58
[17-Mar-2026 23:04:42 America/Los_Angeles] PHP Fatal error:  Uncaught TypeError: Unsupported operand types: int + array in /var/www/mcaster1.com/Mcaster1BackDraft/web/analytics.php:58
Stack trace:
#0 {main}
  thrown in /var/www/mcaster1.com/Mcaster1BackDraft/web/analytics.php on line 58
[17-Mar-2026 23:05:29 America/Los_Angeles] PHP Fatal error:  Uncaught TypeError: Unsupported operand types: int + array in /var/www/mcaster1.com/Mcaster1BackDraft/web/analytics.php:58
Stack trace:
#0 {main}
  thrown in /var/www/mcaster1.com/Mcaster1BackDraft/web/analytics.php on line 58
[17-Mar-2026 23:05:33 America/Los_Angeles] PHP Fatal error:  Uncaught TypeError: Unsupported operand types: int + array in /var/www/mcaster1.com/Mcaster1BackDraft/web/analytics.php:58
Stack trace:
#0 {main}
  thrown in /var/www/mcaster1.com/Mcaster1BackDraft/web/analytics.php on line 58
[17-Mar-2026 23:06:40 America/Los_Angeles] PHP Fatal error:  Uncaught TypeError: Unsupported operand types: int + array in /var/www/mcaster1.com/Mcaster1BackDraft/web/analytics.php:58
Stack trace:
#0 {main}
  thrown in /var/www/mcaster1.com/Mcaster1BackDraft/web/analytics.php on line 58
[17-Mar-2026 23:06:40 America/Los_Angeles] PHP Fatal error:  Uncaught TypeError: Unsupported operand types: int + array in /var/www/mcaster1.com/Mcaster1BackDraft/web/analytics.php:58
Stack trace:
#0 {main}
  thrown in /var/www/mcaster1.com/Mcaster1BackDraft/web/analytics.php on line 58
[17-Mar-2026 23:06:40 America/Los_Angeles] PHP Fatal error:  Uncaught TypeError: Unsupported operand types: int + array in /var/www/mcaster1.com/Mcaster1BackDraft/web/analytics.php:58
Stack trace:
#0 {main}
  thrown in /var/www/mcaster1.com/Mcaster1BackDraft/web/analytics.php on line 58
[17-Mar-2026 23:06:54 America/Los_Angeles] PHP Fatal error:  Uncaught TypeError: Unsupported operand types: int + array in /var/www/mcaster1.com/Mcaster1BackDraft/web/analytics.php:58
Stack trace:
#0 {main}
  thrown in /var/www/mcaster1.com/Mcaster1BackDraft/web/analytics.php on line 58
[17-Mar-2026 23:07:06 America/Los_Angeles] PHP Fatal error:  Uncaught TypeError: Unsupported operand types: int + array in /var/www/mcaster1.com/Mcaster1BackDraft/web/analytics.php:58
Stack trace:
#0 {main}
  thrown in /var/www/mcaster1.com/Mcaster1BackDraft/web/analytics.php on line 58
[17-Mar-2026 23:07:06 America/Los_Angeles] PHP Fatal error:  Uncaught TypeError: Unsupported operand types: int + array in /var/www/mcaster1.com/Mcaster1BackDraft/web/analytics.php:58
Stack trace:
#0 {main}
  thrown in /var/www/mcaster1.com/Mcaster1BackDraft/web/analytics.php on line 58
[17-Mar-2026 23:07:20 America/Los_Angeles] PHP Fatal error:  Uncaught TypeError: Unsupported operand types: int + array in /var/www/mcaster1.com/Mcaster1BackDraft/web/analytics.php:58
Stack trace:
#0 {main}
  thrown in /var/www/mcaster1.com/Mcaster1BackDraft/web/analytics.php on line 58
[17-Mar-2026 23:07:20 America/Los_Angeles] PHP Fatal error:  Uncaught TypeError: Unsupported operand types: int + array in /var/www/mcaster1.com/Mcaster1BackDraft/web/analytics.php:58
Stack trace:
#0 {main}
  thrown in /var/www/mcaster1.com/Mcaster1BackDraft/web/analytics.php on line 58
[17-Mar-2026 23:08:08 America/Los_Angeles] PHP Fatal error:  Uncaught TypeError: Unsupported operand types: int + array in /var/www/mcaster1.com/Mcaster1BackDraft/web/analytics.php:58
Stack trace:
#0 {main}
  thrown in /var/www/mcaster1.com/Mcaster1BackDraft/web/analytics.php on line 58
[17-Mar-2026 23:08:13 America/Los_Angeles] PHP Fatal error:  Uncaught TypeError: Unsupported operand types: int + array in /var/www/mcaster1.com/Mcaster1BackDraft/web/analytics.php:58
Stack trace:
#0 {main}
  thrown in /var/www/mcaster1.com/Mcaster1BackDraft/web/analytics.php on line 58
[17-Mar-2026 23:08:23 America/Los_Angeles] PHP Fatal error:  Uncaught Error: Cannot use a scalar value as an array in /var/www/mcaster1.com/Mcaster1BackDraft/web/analytics.php:23
Stack trace:
#0 /var/www/mcaster1.com/Mcaster1BackDraft/web/analytics.php(52): quick_log_stats()
#1 {main}
  thrown in /var/www/mcaster1.com/Mcaster1BackDraft/web/analytics.php on line 23
[20-Mar-2026 20:17:46 America/Los_Angeles] PHP Warning:  Cannot modify header information - headers already sent by (output started at /var/www/mcaster1.com/Mcaster1BackDraft/web/app/inc/header.php:18) in /var/www/mcaster1.com/Mcaster1BackDraft/web/logs.php on line 11
[20-Mar-2026 20:17:49 America/Los_Angeles] PHP Warning:  Cannot modify header information - headers already sent by (output started at /var/www/mcaster1.com/Mcaster1BackDraft/web/app/inc/header.php:18) in /var/www/mcaster1.com/Mcaster1BackDraft/web/logs.php on line 11
[20-Mar-2026 20:17:50 America/Los_Angeles] PHP Warning:  Cannot modify header information - headers already sent by (output started at /var/www/mcaster1.com/Mcaster1BackDraft/web/app/inc/header.php:18) in /var/www/mcaster1.com/Mcaster1BackDraft/web/logs.php on line 11
[20-Mar-2026 20:17:51 America/Los_Angeles] PHP Warning:  Cannot modify header information - headers already sent by (output started at /var/www/mcaster1.com/Mcaster1BackDraft/web/app/inc/header.php:18) in /var/www/mcaster1.com/Mcaster1BackDraft/web/logs.php on line 11
[20-Mar-2026 20:17:55 America/Los_Angeles] PHP Warning:  Cannot modify header information - headers already sent by (output started at /var/www/mcaster1.com/Mcaster1BackDraft/web/app/inc/header.php:18) in /var/www/mcaster1.com/Mcaster1BackDraft/web/logs.php on line 11
[20-Mar-2026 20:18:33 America/Los_Angeles] PHP Warning:  Cannot modify header information - headers already sent by (output started at /var/www/mcaster1.com/Mcaster1BackDraft/web/app/inc/header.php:18) in /var/www/mcaster1.com/Mcaster1BackDraft/web/logs.php on line 11
[20-Mar-2026 21:35:34 America/Los_Angeles] PHP Warning:  Cannot modify header information - headers already sent by (output started at /var/www/mcaster1.com/Mcaster1BackDraft/web/app/inc/header.php:18) in /var/www/mcaster1.com/Mcaster1BackDraft/web/sites.php on line 33
[20-Mar-2026 21:35:48 America/Los_Angeles] PHP Warning:  Cannot modify header information - headers already sent by (output started at /var/www/mcaster1.com/Mcaster1BackDraft/web/app/inc/header.php:18) in /var/www/mcaster1.com/Mcaster1BackDraft/web/sites.php on line 33
[20-Mar-2026 21:35:50 America/Los_Angeles] PHP Warning:  Cannot modify header information - headers already sent by (output started at /var/www/mcaster1.com/Mcaster1BackDraft/web/app/inc/header.php:18) in /var/www/mcaster1.com/Mcaster1BackDraft/web/sites.php on line 33
[20-Mar-2026 21:37:07 America/Los_Angeles] PHP Warning:  Cannot modify header information - headers already sent by (output started at /var/www/mcaster1.com/Mcaster1BackDraft/web/app/inc/header.php:18) in /var/www/mcaster1.com/Mcaster1BackDraft/web/sites.php on line 33
[20-Mar-2026 21:37:08 America/Los_Angeles] PHP Warning:  Cannot modify header information - headers already sent by (output started at /var/www/mcaster1.com/Mcaster1BackDraft/web/app/inc/header.php:18) in /var/www/mcaster1.com/Mcaster1BackDraft/web/sites.php on line 33
[20-Mar-2026 21:38:21 America/Los_Angeles] PHP Warning:  Cannot modify header information - headers already sent by (output started at /var/www/mcaster1.com/Mcaster1BackDraft/web/app/inc/header.php:18) in /var/www/mcaster1.com/Mcaster1BackDraft/web/sites.php on line 33
[20-Mar-2026 21:38:21 America/Los_Angeles] PHP Warning:  Cannot modify header information - headers already sent by (output started at /var/www/mcaster1.com/Mcaster1BackDraft/web/app/inc/header.php:18) in /var/www/mcaster1.com/Mcaster1BackDraft/web/sites.php on line 33
[20-Mar-2026 22:10:40 America/Los_Angeles] PHP Fatal error:  Uncaught Error: Undefined constant "BD_SMTP_HOST" in /var/www/mcaster1.com/Mcaster1BackDraft/web/users.php:194
Stack trace:
#0 {main}
  thrown in /var/www/mcaster1.com/Mcaster1BackDraft/web/users.php on line 194
[20-Mar-2026 22:13:34 America/Los_Angeles] PHP Warning:  Cannot modify header information - headers already sent by (output started at /var/www/mcaster1.com/Mcaster1BackDraft/web/task-manager.php:22) in /var/www/mcaster1.com/Mcaster1BackDraft/web/task-manager.php on line 109
[20-Mar-2026 22:39:55 America/Los_Angeles] PHP Fatal error:  Uncaught Error: Undefined constant "BD_SMTP_HOST" in /var/www/mcaster1.com/Mcaster1BackDraft/web/users.php:194
Stack trace:
#0 {main}
  thrown in /var/www/mcaster1.com/Mcaster1BackDraft/web/users.php on line 194
[20-Mar-2026 22:44:56 America/Los_Angeles] PHP Warning:  Cannot modify header information - headers already sent by (output started at /var/www/mcaster1.com/Mcaster1BackDraft/web/app/inc/header.php:18) in /var/www/mcaster1.com/Mcaster1BackDraft/web/logs.php on line 11
[20-Mar-2026 22:44:59 America/Los_Angeles] PHP Warning:  Cannot modify header information - headers already sent by (output started at /var/www/mcaster1.com/Mcaster1BackDraft/web/app/inc/header.php:18) in /var/www/mcaster1.com/Mcaster1BackDraft/web/logs.php on line 11
[20-Mar-2026 22:45:01 America/Los_Angeles] PHP Warning:  Cannot modify header information - headers already sent by (output started at /var/www/mcaster1.com/Mcaster1BackDraft/web/app/inc/header.php:18) in /var/www/mcaster1.com/Mcaster1BackDraft/web/logs.php on line 11
[20-Mar-2026 23:48:23 America/Los_Angeles] PHP Fatal error:  Uncaught Error: Undefined constant "BD_SMTP_HOST" in /var/www/mcaster1.com/Mcaster1BackDraft/web/users.php:194
Stack trace:
#0 {main}
  thrown in /var/www/mcaster1.com/Mcaster1BackDraft/web/users.php on line 194
[22-Mar-2026 20:08:36 America/Los_Angeles] PHP Fatal error:  Uncaught Error: Undefined constant "BD_SMTP_HOST" in /var/www/mcaster1.com/Mcaster1BackDraft/web/users.php:194
Stack trace:
#0 {main}
  thrown in /var/www/mcaster1.com/Mcaster1BackDraft/web/users.php on line 194
[23-Mar-2026 19:43:13 America/Los_Angeles] PHP Fatal error:  Uncaught PDOException: SQLSTATE[HY000]: General error: 2006 MySQL server has gone away in /var/www/mcaster1.com/Mcaster1BackDraft/web/app/inc/db.php:36
Stack trace:
#0 /var/www/mcaster1.com/Mcaster1BackDraft/web/app/inc/db.php(36): PDO->prepare()
#1 /var/www/mcaster1.com/Mcaster1BackDraft/web/dashboard.php(7): db_scalar()
#2 {main}
  thrown in /var/www/mcaster1.com/Mcaster1BackDraft/web/app/inc/db.php on line 36
[23-Mar-2026 19:43:18 America/Los_Angeles] PHP Fatal error:  Uncaught PDOException: SQLSTATE[HY000]: General error: 2006 MySQL server has gone away in /var/www/mcaster1.com/Mcaster1BackDraft/web/app/inc/db.php:30
Stack trace:
#0 /var/www/mcaster1.com/Mcaster1BackDraft/web/app/inc/db.php(30): PDO->prepare()
#1 /var/www/mcaster1.com/Mcaster1BackDraft/web/analytics.php(41): db_rows()
#2 {main}
  thrown in /var/www/mcaster1.com/Mcaster1BackDraft/web/app/inc/db.php on line 30
